<?xml version="1.0" encoding="UTF-8"?>
<!-- Generated by org.testng.reporters.JUnitXMLReporter -->
<testsuite ignored="2" hostname="LAPTOP-Q331HIO5" failures="0" tests="3" name="Test" time="156.778" errors="0" timestamp="2023-05-07T20:02:44 IST">
  <testcase classname="selenium.Tests.SubmitFormTest" name="submitASForm" time="76.32"/>
  <testcase classname="selenium.Tests.SubmitFormTest" name="submitASForm" time="40.484"/>
  <testcase classname="selenium.Tests.SubmitFormTest" name="submitASForm" time="39.794"/>
  <testcase classname="selenium.Tests.SubmitFormTest" name="submitForm" time="0.0">
    <ignored/>
  </testcase> <!-- submitForm -->
  <testcase classname="selenium.Tests.SubmitFormTest" name="validationForRDate" time="0.0">
    <ignored/>
  </testcase> <!-- validationForRDate -->
</testsuite> <!-- Test -->
