<?xml version="1.0" encoding="UTF-8"?>
<!-- Generated by org.testng.reporters.JUnitXMLReporter -->
<testsuite ignored="3" hostname="LAPTOP-Q331HIO5" failures="0" tests="1" name="Test" time="73.253" errors="0" timestamp="2023-03-25T22:34:51 IST">
  <testcase classname="selenium.Tests.SubmitFormTest" name="submitForm" time="73.178"/>
  <testcase classname="selenium.Tests.SubmitFormTest" name="validationForRDate" time="0.0">
    <ignored/>
  </testcase> <!-- validationForRDate -->
  <testcase classname="selenium.Tests.SubmitFormTest" name="bardManagementAccess" time="0.0">
    <ignored/>
  </testcase> <!-- bardManagementAccess -->
  <testcase classname="selenium.Tests.SubmitFormTest" name="userAdminAccess" time="0.0">
    <ignored/>
  </testcase> <!-- userAdminAccess -->
</testsuite> <!-- Test -->
