<?xml version="1.0" encoding="UTF-8"?>
<testng-results ignored="3" total="4" passed="1" failed="0" skipped="0">
  <reporter-output>
  </reporter-output>
  <suite started-at="2023-03-25T22:33:37 IST" name="Suite" finished-at="2023-03-25T22:34:51 IST" duration-ms="73253">
    <groups>
      <group name="Form submit">
        <method signature="SubmitFormTest.submitForm()[pri:0, instance:selenium.Tests.SubmitFormTest@a38c7fe]" name="submitForm" class="selenium.Tests.SubmitFormTest"/>
      </group> <!-- Form submit -->
    </groups>
    <test started-at="2023-03-25T22:33:37 IST" name="Test" finished-at="2023-03-25T22:34:51 IST" duration-ms="73253">
      <class name="selenium.Tests.SubmitFormTest">
        <test-method signature="submitForm()[pri:0, instance:selenium.Tests.SubmitFormTest@a38c7fe]" started-at="2023-03-25T22:33:37 IST" name="submitForm" finished-at="2023-03-25T22:34:50 IST" duration-ms="73178" status="PASS">
          <reporter-output>
          </reporter-output>
        </test-method> <!-- submitForm -->
      </class> <!-- selenium.Tests.SubmitFormTest -->
    </test> <!-- Test -->
  </suite> <!-- Suite -->
</testng-results>
